<?xml version="1.0" encoding="UTF-8"?>
<coverage generated="1673477232324" clover="3.2.0">
  <project timestamp="1673477232325" name="All files">
    <metrics statements="56" coveredstatements="53" conditionals="14" coveredconditionals="12" methods="96" coveredmethods="96" elements="166" coveredelements="161" complexity="0" loc="56" ncloc="56" packages="7" files="12" classes="12"/>
    <package name="M03 JavaScript Fundamentos">
      <metrics statements="49" coveredstatements="46" conditionals="14" coveredconditionals="12" methods="27" coveredmethods="27"/>
      <file name="Ejercicio 01.js" path="/home/edisson/prepcoursseHenry/fe-ct-prepcourse-fs/M03 JavaScript Fundamentos/Ejercicio 01.js">
        <metrics statements="7" coveredstatements="7" conditionals="0" coveredconditionals="0" methods="0" coveredmethods="0"/>
        <line num="5" count="1" type="stmt"/>
        <line num="8" count="1" type="stmt"/>
        <line num="11" count="1" type="stmt"/>
        <line num="14" count="1" type="stmt"/>
        <line num="17" count="1" type="stmt"/>
        <line num="20" count="1" type="stmt"/>
        <line num="23" count="1" type="stmt"/>
      </file>
      <file name="Ejercicio 02.js" path="/home/edisson/prepcoursseHenry/fe-ct-prepcourse-fs/M03 JavaScript Fundamentos/Ejercicio 02.js">
        <metrics statements="7" coveredstatements="7" conditionals="0" coveredconditionals="0" methods="6" coveredmethods="6"/>
        <line num="7" count="1" type="stmt"/>
        <line num="15" count="2" type="stmt"/>
        <line num="21" count="4" type="stmt"/>
        <line num="27" count="3" type="stmt"/>
        <line num="33" count="3" type="stmt"/>
        <line num="39" count="3" type="stmt"/>
        <line num="43" count="1" type="stmt"/>
      </file>
      <file name="Ejercicio 03.js" path="/home/edisson/prepcoursseHenry/fe-ct-prepcourse-fs/M03 JavaScript Fundamentos/Ejercicio 03.js">
        <metrics statements="7" coveredstatements="7" conditionals="0" coveredconditionals="0" methods="6" coveredmethods="6"/>
        <line num="8" count="3" type="stmt"/>
        <line num="15" count="2" type="stmt"/>
        <line num="22" count="3" type="stmt"/>
        <line num="29" count="6" type="stmt"/>
        <line num="36" count="3" type="stmt"/>
        <line num="43" count="6" type="stmt"/>
        <line num="47" count="1" type="stmt"/>
      </file>
      <file name="Ejercicio 04.js" path="/home/edisson/prepcoursseHenry/fe-ct-prepcourse-fs/M03 JavaScript Fundamentos/Ejercicio 04.js">
        <metrics statements="7" coveredstatements="7" conditionals="0" coveredconditionals="0" methods="6" coveredmethods="6"/>
        <line num="9" count="4" type="stmt"/>
        <line num="15" count="3" type="stmt"/>
        <line num="21" count="4" type="stmt"/>
        <line num="27" count="3" type="stmt"/>
        <line num="33" count="3" type="stmt"/>
        <line num="39" count="5" type="stmt"/>
        <line num="43" count="1" type="stmt"/>
      </file>
      <file name="Ejercicio 05.js" path="/home/edisson/prepcoursseHenry/fe-ct-prepcourse-fs/M03 JavaScript Fundamentos/Ejercicio 05.js">
        <metrics statements="21" coveredstatements="18" conditionals="14" coveredconditionals="12" methods="9" coveredmethods="9"/>
        <line num="11" count="3" type="stmt"/>
        <line num="12" count="3" type="cond" truecount="2" falsecount="0"/>
        <line num="13" count="1" type="stmt"/>
        <line num="14" count="2" type="cond" truecount="2" falsecount="0"/>
        <line num="15" count="1" type="stmt"/>
        <line num="16" count="1" type="cond" truecount="2" falsecount="2"/>
        <line num="17" count="1" type="stmt"/>
        <line num="19" count="0" type="stmt"/>
        <line num="28" count="2" type="stmt"/>
        <line num="35" count="2" type="stmt"/>
        <line num="42" count="1" type="stmt"/>
        <line num="48" count="3" type="stmt"/>
        <line num="55" count="3" type="stmt"/>
        <line num="61" count="3" type="stmt"/>
        <line num="68" count="3" type="stmt"/>
        <line num="76" count="9" type="cond" truecount="6" falsecount="0"/>
        <line num="82" count="5" type="stmt"/>
        <line num="83" count="0" type="stmt"/>
        <line num="86" count="4" type="stmt"/>
        <line num="87" count="0" type="stmt"/>
        <line num="93" count="1" type="stmt"/>
      </file>
    </package>
    <package name="M04 JavaScript Bucles">
      <metrics statements="1" coveredstatements="1" conditionals="0" coveredconditionals="0" methods="14" coveredmethods="14"/>
      <file name="homework.js" path="/home/edisson/prepcoursseHenry/fe-ct-prepcourse-fs/M04 JavaScript Bucles/homework.js">
        <metrics statements="1" coveredstatements="1" conditionals="0" coveredconditionals="0" methods="14" coveredmethods="14"/>
        <line num="114" count="1" type="stmt"/>
      </file>
    </package>
    <package name="M05 JavaScript Arrays">
      <metrics statements="1" coveredstatements="1" conditionals="0" coveredconditionals="0" methods="21" coveredmethods="21"/>
      <file name="homework.js" path="/home/edisson/prepcoursseHenry/fe-ct-prepcourse-fs/M05 JavaScript Arrays/homework.js">
        <metrics statements="1" coveredstatements="1" conditionals="0" coveredconditionals="0" methods="21" coveredmethods="21"/>
        <line num="141" count="1" type="stmt"/>
      </file>
    </package>
    <package name="M06 JavaScript Objetos">
      <metrics statements="1" coveredstatements="1" conditionals="0" coveredconditionals="0" methods="14" coveredmethods="14"/>
      <file name="homework.js" path="/home/edisson/prepcoursseHenry/fe-ct-prepcourse-fs/M06 JavaScript Objetos/homework.js">
        <metrics statements="1" coveredstatements="1" conditionals="0" coveredconditionals="0" methods="14" coveredmethods="14"/>
        <line num="108" count="1" type="stmt"/>
      </file>
    </package>
    <package name="M07 JavaScript Clases">
      <metrics statements="2" coveredstatements="2" conditionals="0" coveredconditionals="0" methods="5" coveredmethods="5"/>
      <file name="Ejercicio 01.js" path="/home/edisson/prepcoursseHenry/fe-ct-prepcourse-fs/M07 JavaScript Clases/Ejercicio 01.js">
        <metrics statements="1" coveredstatements="1" conditionals="0" coveredconditionals="0" methods="3" coveredmethods="3"/>
        <line num="28" count="1" type="stmt"/>
      </file>
      <file name="Ejercicio 02.js" path="/home/edisson/prepcoursseHenry/fe-ct-prepcourse-fs/M07 JavaScript Clases/Ejercicio 02.js">
        <metrics statements="1" coveredstatements="1" conditionals="0" coveredconditionals="0" methods="2" coveredmethods="2"/>
        <line num="26" count="1" type="stmt"/>
      </file>
    </package>
    <package name="M08 JavaScript Callback">
      <metrics statements="1" coveredstatements="1" conditionals="0" coveredconditionals="0" methods="7" coveredmethods="7"/>
      <file name="homework.js" path="/home/edisson/prepcoursseHenry/fe-ct-prepcourse-fs/M08 JavaScript Callback/homework.js">
        <metrics statements="1" coveredstatements="1" conditionals="0" coveredconditionals="0" methods="7" coveredmethods="7"/>
        <line num="52" count="1" type="stmt"/>
      </file>
    </package>
    <package name="M09 Ejercicios Extra">
      <metrics statements="1" coveredstatements="1" conditionals="0" coveredconditionals="0" methods="8" coveredmethods="8"/>
      <file name="Ejercicios Extra.js" path="/home/edisson/prepcoursseHenry/fe-ct-prepcourse-fs/M09 Ejercicios Extra/Ejercicios Extra.js">
        <metrics statements="1" coveredstatements="1" conditionals="0" coveredconditionals="0" methods="8" coveredmethods="8"/>
        <line num="64" count="1" type="stmt"/>
      </file>
    </package>
  </project>
</coverage>
