{"/home/edisson/prepcoursseHenry/fe-ct-prepcourse-fs/M03 JavaScript Fundamentos/Ejercicio 01.js": {"path":"/home/edisson/prepcoursseHenry/fe-ct-prepcourse-fs/M03 JavaScript Fundamentos/Ejercicio 01.js","statementMap":{"0":{"start":{"line":5,"column":20},"end":{"line":5,"column":26}},"1":{"start":{"line":8,"column":20},"end":{"line":8,"column":22}},"2":{"start":{"line":11,"column":21},"end":{"line":11,"column":25}},"3":{"start":{"line":14,"column":19},"end":{"line":14,"column":31}},"4":{"start":{"line":17,"column":28},"end":{"line":17,"column":41}},"5":{"start":{"line":20,"column":20},"end":{"line":20,"column":32}},"6":{"start":{"line":23,"column":0},"end":{"line":30,"column":2}}},"fnMap":{},"branchMap":{},"s":{"0":1,"1":1,"2":1,"3":1,"4":1,"5":1,"6":1},"f":{},"b":{},"_coverageSchema":"1a1c01bbd47fc00a2c39e90264f33305004495a9","hash":"9eb0681ba921e490f034a84b1840f419310eddde"}
,"/home/edisson/prepcoursseHenry/fe-ct-prepcourse-fs/M03 JavaScript Fundamentos/Ejercicio 02.js": {"path":"/home/edisson/prepcoursseHenry/fe-ct-prepcourse-fs/M03 JavaScript Fundamentos/Ejercicio 02.js","statementMap":{"0":{"start":{"line":7,"column":3},"end":{"line":7,"column":16}},"1":{"start":{"line":15,"column":3},"end":{"line":15,"column":15}},"2":{"start":{"line":21,"column":3},"end":{"line":21,"column":16}},"3":{"start":{"line":27,"column":3},"end":{"line":27,"column":15}},"4":{"start":{"line":33,"column":3},"end":{"line":33,"column":15}},"5":{"start":{"line":39,"column":1},"end":{"line":39,"column":14}},"6":{"start":{"line":43,"column":0},"end":{"line":50,"column":2}}},"fnMap":{"0":{"name":"devolverString","decl":{"start":{"line":4,"column":9},"end":{"line":4,"column":23}},"loc":{"start":{"line":4,"column":32},"end":{"line":8,"column":1}},"line":4},"1":{"name":"suma","decl":{"start":{"line":12,"column":9},"end":{"line":12,"column":13}},"loc":{"start":{"line":12,"column":20},"end":{"line":16,"column":1}},"line":12},"2":{"name":"resta","decl":{"start":{"line":18,"column":9},"end":{"line":18,"column":14}},"loc":{"start":{"line":18,"column":21},"end":{"line":22,"column":1}},"line":18},"3":{"name":"divide","decl":{"start":{"line":24,"column":9},"end":{"line":24,"column":15}},"loc":{"start":{"line":24,"column":22},"end":{"line":28,"column":1}},"line":24},"4":{"name":"multiplica","decl":{"start":{"line":30,"column":9},"end":{"line":30,"column":19}},"loc":{"start":{"line":30,"column":26},"end":{"line":34,"column":1}},"line":30},"5":{"name":"obtenerResto","decl":{"start":{"line":36,"column":9},"end":{"line":36,"column":21}},"loc":{"start":{"line":36,"column":28},"end":{"line":40,"column":1}},"line":36}},"branchMap":{},"s":{"0":1,"1":2,"2":4,"3":3,"4":3,"5":3,"6":1},"f":{"0":1,"1":2,"2":4,"3":3,"4":3,"5":3},"b":{},"_coverageSchema":"1a1c01bbd47fc00a2c39e90264f33305004495a9","hash":"9bfd77e4bbea9b1e30a37b20ea78f18b9583431f"}
,"/home/edisson/prepcoursseHenry/fe-ct-prepcourse-fs/M03 JavaScript Fundamentos/Ejercicio 03.js": {"path":"/home/edisson/prepcoursseHenry/fe-ct-prepcourse-fs/M03 JavaScript Fundamentos/Ejercicio 03.js","statementMap":{"0":{"start":{"line":8,"column":3},"end":{"line":8,"column":17}},"1":{"start":{"line":15,"column":3},"end":{"line":15,"column":37}},"2":{"start":{"line":22,"column":3},"end":{"line":22,"column":18}},"3":{"start":{"line":29,"column":3},"end":{"line":29,"column":18}},"4":{"start":{"line":36,"column":3},"end":{"line":36,"column":23}},"5":{"start":{"line":43,"column":3},"end":{"line":43,"column":23}},"6":{"start":{"line":47,"column":0},"end":{"line":54,"column":2}}},"fnMap":{"0":{"name":"sonIguales","decl":{"start":{"line":4,"column":9},"end":{"line":4,"column":19}},"loc":{"start":{"line":4,"column":26},"end":{"line":9,"column":1}},"line":4},"1":{"name":"tienenMismaLongitud","decl":{"start":{"line":11,"column":9},"end":{"line":11,"column":28}},"loc":{"start":{"line":11,"column":41},"end":{"line":16,"column":1}},"line":11},"2":{"name":"menosQueNoventa","decl":{"start":{"line":18,"column":9},"end":{"line":18,"column":24}},"loc":{"start":{"line":18,"column":30},"end":{"line":23,"column":1}},"line":18},"3":{"name":"mayorQueCincuenta","decl":{"start":{"line":25,"column":9},"end":{"line":25,"column":26}},"loc":{"start":{"line":25,"column":32},"end":{"line":30,"column":1}},"line":25},"4":{"name":"esPar","decl":{"start":{"line":32,"column":9},"end":{"line":32,"column":14}},"loc":{"start":{"line":32,"column":20},"end":{"line":37,"column":1}},"line":32},"5":{"name":"esImpar","decl":{"start":{"line":39,"column":9},"end":{"line":39,"column":16}},"loc":{"start":{"line":39,"column":22},"end":{"line":44,"column":1}},"line":39}},"branchMap":{},"s":{"0":3,"1":2,"2":3,"3":6,"4":3,"5":6,"6":1},"f":{"0":3,"1":2,"2":3,"3":6,"4":3,"5":6},"b":{},"_coverageSchema":"1a1c01bbd47fc00a2c39e90264f33305004495a9","hash":"5501cb2cd1f61a85c78827811da1698afb7bf50d"}
,"/home/edisson/prepcoursseHenry/fe-ct-prepcourse-fs/M03 JavaScript Fundamentos/Ejercicio 04.js": {"path":"/home/edisson/prepcoursseHenry/fe-ct-prepcourse-fs/M03 JavaScript Fundamentos/Ejercicio 04.js","statementMap":{"0":{"start":{"line":9,"column":3},"end":{"line":9,"column":19}},"1":{"start":{"line":15,"column":3},"end":{"line":15,"column":25}},"2":{"start":{"line":21,"column":1},"end":{"line":21,"column":30}},"3":{"start":{"line":27,"column":3},"end":{"line":27,"column":25}},"4":{"start":{"line":33,"column":2},"end":{"line":33,"column":23}},"5":{"start":{"line":39,"column":1},"end":{"line":39,"column":22}},"6":{"start":{"line":43,"column":0},"end":{"line":50,"column":2}}},"fnMap":{"0":{"name":"elevarAlCuadrado","decl":{"start":{"line":6,"column":9},"end":{"line":6,"column":25}},"loc":{"start":{"line":6,"column":31},"end":{"line":10,"column":1}},"line":6},"1":{"name":"elevarAlCubo","decl":{"start":{"line":12,"column":9},"end":{"line":12,"column":21}},"loc":{"start":{"line":12,"column":27},"end":{"line":16,"column":1}},"line":12},"2":{"name":"elevar","decl":{"start":{"line":18,"column":9},"end":{"line":18,"column":15}},"loc":{"start":{"line":18,"column":31},"end":{"line":22,"column":1}},"line":18},"3":{"name":"redondearNumero","decl":{"start":{"line":24,"column":9},"end":{"line":24,"column":24}},"loc":{"start":{"line":24,"column":30},"end":{"line":28,"column":1}},"line":24},"4":{"name":"redondearHaciaArriba","decl":{"start":{"line":30,"column":9},"end":{"line":30,"column":29}},"loc":{"start":{"line":30,"column":35},"end":{"line":34,"column":1}},"line":30},"5":{"name":"numeroRandom","decl":{"start":{"line":36,"column":9},"end":{"line":36,"column":21}},"loc":{"start":{"line":36,"column":24},"end":{"line":40,"column":1}},"line":36}},"branchMap":{},"s":{"0":4,"1":3,"2":4,"3":3,"4":3,"5":5,"6":1},"f":{"0":4,"1":3,"2":4,"3":3,"4":3,"5":5},"b":{},"_coverageSchema":"1a1c01bbd47fc00a2c39e90264f33305004495a9","hash":"b2e8d8adc59778024896f9c2ec3358dcd83adcfc"}
,"/home/edisson/prepcoursseHenry/fe-ct-prepcourse-fs/M03 JavaScript Fundamentos/Ejercicio 05.js": {"path":"/home/edisson/prepcoursseHenry/fe-ct-prepcourse-fs/M03 JavaScript Fundamentos/Ejercicio 05.js","statementMap":{"0":{"start":{"line":11,"column":3},"end":{"line":11,"column":23}},"1":{"start":{"line":12,"column":3},"end":{"line":19,"column":14}},"2":{"start":{"line":13,"column":6},"end":{"line":13,"column":26}},"3":{"start":{"line":14,"column":10},"end":{"line":19,"column":14}},"4":{"start":{"line":15,"column":6},"end":{"line":15,"column":26}},"5":{"start":{"line":16,"column":9},"end":{"line":19,"column":14}},"6":{"start":{"line":17,"column":6},"end":{"line":17,"column":18}},"7":{"start":{"line":19,"column":3},"end":{"line":19,"column":14}},"8":{"start":{"line":28,"column":3},"end":{"line":28,"column":19}},"9":{"start":{"line":35,"column":3},"end":{"line":35,"column":33}},"10":{"start":{"line":42,"column":3},"end":{"line":42,"column":36}},"11":{"start":{"line":48,"column":3},"end":{"line":48,"column":22}},"12":{"start":{"line":55,"column":3},"end":{"line":55,"column":35}},"13":{"start":{"line":61,"column":3},"end":{"line":61,"column":27}},"14":{"start":{"line":68,"column":3},"end":{"line":68,"column":21}},"15":{"start":{"line":76,"column":3},"end":{"line":89,"column":4}},"16":{"start":{"line":82,"column":8},"end":{"line":82,"column":25}},"17":{"start":{"line":83,"column":7},"end":{"line":83,"column":13}},"18":{"start":{"line":86,"column":5},"end":{"line":86,"column":30}},"19":{"start":{"line":87,"column":3},"end":{"line":87,"column":9}},"20":{"start":{"line":93,"column":0},"end":{"line":103,"column":2}}},"fnMap":{"0":{"name":"esPositivo","decl":{"start":{"line":4,"column":9},"end":{"line":4,"column":19}},"loc":{"start":{"line":4,"column":25},"end":{"line":20,"column":2}},"line":4},"1":{"name":"agregarSimboloExclamacion","decl":{"start":{"line":24,"column":9},"end":{"line":24,"column":34}},"loc":{"start":{"line":24,"column":40},"end":{"line":29,"column":1}},"line":24},"2":{"name":"combinarNombres","decl":{"start":{"line":31,"column":9},"end":{"line":31,"column":24}},"loc":{"start":{"line":31,"column":43},"end":{"line":36,"column":1}},"line":31},"3":{"name":"obtenerSaludo","decl":{"start":{"line":38,"column":9},"end":{"line":38,"column":22}},"loc":{"start":{"line":38,"column":31},"end":{"line":43,"column":1}},"line":38},"4":{"name":"obtenerAreaRectangulo","decl":{"start":{"line":45,"column":9},"end":{"line":45,"column":30}},"loc":{"start":{"line":45,"column":44},"end":{"line":49,"column":1}},"line":45},"5":{"name":"retornarPerimetro","decl":{"start":{"line":51,"column":9},"end":{"line":51,"column":26}},"loc":{"start":{"line":51,"column":33},"end":{"line":56,"column":1}},"line":51},"6":{"name":"areaDelTriangulo","decl":{"start":{"line":58,"column":9},"end":{"line":58,"column":25}},"loc":{"start":{"line":58,"column":40},"end":{"line":62,"column":1}},"line":58},"7":{"name":"deEuroAdolar","decl":{"start":{"line":64,"column":9},"end":{"line":64,"column":21}},"loc":{"start":{"line":64,"column":28},"end":{"line":69,"column":1}},"line":64},"8":{"name":"esVocal","decl":{"start":{"line":71,"column":9},"end":{"line":71,"column":16}},"loc":{"start":{"line":71,"column":24},"end":{"line":90,"column":1}},"line":71}},"branchMap":{"0":{"loc":{"start":{"line":12,"column":3},"end":{"line":19,"column":14}},"type":"if","locations":[{"start":{"line":12,"column":3},"end":{"line":19,"column":14}},{"start":{"line":14,"column":10},"end":{"line":19,"column":14}}],"line":12},"1":{"loc":{"start":{"line":14,"column":10},"end":{"line":19,"column":14}},"type":"if","locations":[{"start":{"line":14,"column":10},"end":{"line":19,"column":14}},{"start":{"line":16,"column":9},"end":{"line":19,"column":14}}],"line":14},"2":{"loc":{"start":{"line":16,"column":9},"end":{"line":19,"column":14}},"type":"if","locations":[{"start":{"line":16,"column":9},"end":{"line":19,"column":14}},{"start":{"line":19,"column":3},"end":{"line":19,"column":14}}],"line":16},"3":{"loc":{"start":{"line":16,"column":12},"end":{"line":16,"column":36}},"type":"binary-expr","locations":[{"start":{"line":16,"column":12},"end":{"line":16,"column":21}},{"start":{"line":16,"column":26},"end":{"line":16,"column":36}}],"line":16},"4":{"loc":{"start":{"line":76,"column":3},"end":{"line":89,"column":4}},"type":"switch","locations":[{"start":{"line":77,"column":6},"end":{"line":77,"column":16}},{"start":{"line":78,"column":6},"end":{"line":78,"column":15}},{"start":{"line":79,"column":6},"end":{"line":79,"column":15}},{"start":{"line":80,"column":6},"end":{"line":80,"column":15}},{"start":{"line":81,"column":6},"end":{"line":83,"column":13}},{"start":{"line":85,"column":4},"end":{"line":87,"column":9}}],"line":76}},"s":{"0":3,"1":3,"2":1,"3":2,"4":1,"5":1,"6":1,"7":0,"8":2,"9":2,"10":1,"11":3,"12":3,"13":3,"14":3,"15":9,"16":5,"17":0,"18":4,"19":0,"20":1},"f":{"0":3,"1":2,"2":2,"3":1,"4":3,"5":3,"6":3,"7":3,"8":9},"b":{"0":[1,2],"1":[1,1],"2":[1,0],"3":[1,0],"4":[1,2,3,4,5,4]},"_coverageSchema":"1a1c01bbd47fc00a2c39e90264f33305004495a9","hash":"4724ff3ad317a6f1eeffb2d10f35183bac0a329c"}
,"/home/edisson/prepcoursseHenry/fe-ct-prepcourse-fs/M04 JavaScript Bucles/homework.js": {"path":"/home/edisson/prepcoursseHenry/fe-ct-prepcourse-fs/M04 JavaScript Bucles/homework.js","statementMap":{"0":{"start":{"line":114,"column":0},"end":{"line":129,"column":2}}},"fnMap":{"0":{"name":"obtenerMayor","decl":{"start":{"line":3,"column":9},"end":{"line":3,"column":21}},"loc":{"start":{"line":3,"column":28},"end":{"line":8,"column":1}},"line":3},"1":{"name":"mayoriaDeEdad","decl":{"start":{"line":10,"column":9},"end":{"line":10,"column":22}},"loc":{"start":{"line":10,"column":29},"end":{"line":15,"column":1}},"line":10},"2":{"name":"conection","decl":{"start":{"line":17,"column":9},"end":{"line":17,"column":18}},"loc":{"start":{"line":17,"column":27},"end":{"line":24,"column":1}},"line":17},"3":{"name":"saludo","decl":{"start":{"line":26,"column":9},"end":{"line":26,"column":15}},"loc":{"start":{"line":26,"column":24},"end":{"line":33,"column":1}},"line":26},"4":{"name":"colors","decl":{"start":{"line":35,"column":9},"end":{"line":35,"column":15}},"loc":{"start":{"line":35,"column":23},"end":{"line":44,"column":1}},"line":35},"5":{"name":"esDiezOCinco","decl":{"start":{"line":46,"column":9},"end":{"line":46,"column":21}},"loc":{"start":{"line":46,"column":27},"end":{"line":50,"column":1}},"line":46},"6":{"name":"estaEnRango","decl":{"start":{"line":52,"column":9},"end":{"line":52,"column":20}},"loc":{"start":{"line":52,"column":26},"end":{"line":56,"column":1}},"line":52},"7":{"name":"esEntero","decl":{"start":{"line":58,"column":9},"end":{"line":58,"column":17}},"loc":{"start":{"line":58,"column":23},"end":{"line":65,"column":1}},"line":58},"8":{"name":"fizzBuzz","decl":{"start":{"line":67,"column":9},"end":{"line":67,"column":17}},"loc":{"start":{"line":67,"column":23},"end":{"line":73,"column":1}},"line":67},"9":{"name":"operadoresLogicos","decl":{"start":{"line":75,"column":9},"end":{"line":75,"column":26}},"loc":{"start":{"line":75,"column":45},"end":{"line":83,"column":1}},"line":75},"10":{"name":"esPrimo","decl":{"start":{"line":85,"column":9},"end":{"line":85,"column":16}},"loc":{"start":{"line":85,"column":22},"end":{"line":92,"column":1}},"line":85},"11":{"name":"esVerdadero","decl":{"start":{"line":94,"column":9},"end":{"line":94,"column":20}},"loc":{"start":{"line":94,"column":28},"end":{"line":98,"column":1}},"line":94},"12":{"name":"tieneTresDigitos","decl":{"start":{"line":100,"column":9},"end":{"line":100,"column":25}},"loc":{"start":{"line":100,"column":31},"end":{"line":104,"column":1}},"line":100},"13":{"name":"doWhile","decl":{"start":{"line":106,"column":9},"end":{"line":106,"column":16}},"loc":{"start":{"line":106,"column":22},"end":{"line":111,"column":1}},"line":106}},"branchMap":{},"s":{"0":1},"f":{"0":3,"1":2,"2":3,"3":4,"4":2,"5":2,"6":2,"7":4,"8":4,"9":5,"10":2,"11":2,"12":2,"13":1},"b":{},"_coverageSchema":"1a1c01bbd47fc00a2c39e90264f33305004495a9","hash":"42e3a553aabd81640a5f46be9d79e2ae184ee50d"}
,"/home/edisson/prepcoursseHenry/fe-ct-prepcourse-fs/M05 JavaScript Arrays/homework.js": {"path":"/home/edisson/prepcoursseHenry/fe-ct-prepcourse-fs/M05 JavaScript Arrays/homework.js","statementMap":{"0":{"start":{"line":141,"column":0},"end":{"line":163,"column":2}}},"fnMap":{"0":{"name":"devolverPrimerElemento","decl":{"start":{"line":3,"column":9},"end":{"line":3,"column":31}},"loc":{"start":{"line":3,"column":39},"end":{"line":6,"column":1}},"line":3},"1":{"name":"devolverUltimoElemento","decl":{"start":{"line":8,"column":9},"end":{"line":8,"column":31}},"loc":{"start":{"line":8,"column":39},"end":{"line":11,"column":1}},"line":8},"2":{"name":"obtenerLargoDelArray","decl":{"start":{"line":13,"column":9},"end":{"line":13,"column":29}},"loc":{"start":{"line":13,"column":37},"end":{"line":16,"column":1}},"line":13},"3":{"name":"incrementarPorUno","decl":{"start":{"line":18,"column":9},"end":{"line":18,"column":26}},"loc":{"start":{"line":18,"column":34},"end":{"line":22,"column":1}},"line":18},"4":{"name":"agregarItemAlFinalDelArray","decl":{"start":{"line":24,"column":9},"end":{"line":24,"column":35}},"loc":{"start":{"line":24,"column":53},"end":{"line":28,"column":1}},"line":24},"5":{"name":"agregarItemAlComienzoDelArray","decl":{"start":{"line":30,"column":9},"end":{"line":30,"column":38}},"loc":{"start":{"line":30,"column":56},"end":{"line":34,"column":1}},"line":30},"6":{"name":"dePalabrasAFrase","decl":{"start":{"line":36,"column":9},"end":{"line":36,"column":25}},"loc":{"start":{"line":36,"column":36},"end":{"line":42,"column":1}},"line":36},"7":{"name":"arrayContiene","decl":{"start":{"line":44,"column":9},"end":{"line":44,"column":22}},"loc":{"start":{"line":44,"column":40},"end":{"line":48,"column":1}},"line":44},"8":{"name":"agregarNumeros","decl":{"start":{"line":50,"column":9},"end":{"line":50,"column":23}},"loc":{"start":{"line":50,"column":37},"end":{"line":54,"column":1}},"line":50},"9":{"name":"promedioResultadosTest","decl":{"start":{"line":56,"column":9},"end":{"line":56,"column":31}},"loc":{"start":{"line":56,"column":48},"end":{"line":60,"column":1}},"line":56},"10":{"name":"numeroMasGrande","decl":{"start":{"line":62,"column":9},"end":{"line":62,"column":24}},"loc":{"start":{"line":62,"column":38},"end":{"line":66,"column":1}},"line":62},"11":{"name":"multiplicarArgumentos","decl":{"start":{"line":68,"column":9},"end":{"line":68,"column":30}},"loc":{"start":{"line":68,"column":33},"end":{"line":73,"column":1}},"line":68},"12":{"name":"cuentoElementos","decl":{"start":{"line":75,"column":9},"end":{"line":75,"column":24}},"loc":{"start":{"line":75,"column":32},"end":{"line":78,"column":1}},"line":75},"13":{"name":"diaDeLaSemana","decl":{"start":{"line":80,"column":9},"end":{"line":80,"column":22}},"loc":{"start":{"line":80,"column":36},"end":{"line":85,"column":1}},"line":80},"14":{"name":"empiezaConNueve","decl":{"start":{"line":87,"column":9},"end":{"line":87,"column":24}},"loc":{"start":{"line":87,"column":30},"end":{"line":91,"column":1}},"line":87},"15":{"name":"todosIguales","decl":{"start":{"line":93,"column":9},"end":{"line":93,"column":21}},"loc":{"start":{"line":93,"column":29},"end":{"line":97,"column":1}},"line":93},"16":{"name":"mesesDelAño","decl":{"start":{"line":99,"column":9},"end":{"line":99,"column":20}},"loc":{"start":{"line":99,"column":28},"end":{"line":104,"column":1}},"line":99},"17":{"name":"tablaDelSeis","decl":{"start":{"line":106,"column":9},"end":{"line":106,"column":21}},"loc":{"start":{"line":106,"column":24},"end":{"line":110,"column":1}},"line":106},"18":{"name":"mayorACien","decl":{"start":{"line":112,"column":9},"end":{"line":112,"column":19}},"loc":{"start":{"line":112,"column":27},"end":{"line":116,"column":1}},"line":112},"19":{"name":"breakStatement","decl":{"start":{"line":122,"column":9},"end":{"line":122,"column":23}},"loc":{"start":{"line":122,"column":29},"end":{"line":129,"column":1}},"line":122},"20":{"name":"continueStatement","decl":{"start":{"line":131,"column":9},"end":{"line":131,"column":26}},"loc":{"start":{"line":131,"column":32},"end":{"line":138,"column":1}},"line":131}},"branchMap":{},"s":{"0":1},"f":{"0":1,"1":1,"2":1,"3":1,"4":1,"5":1,"6":1,"7":2,"8":1,"9":1,"10":1,"11":5,"12":1,"13":2,"14":2,"15":2,"16":2,"17":1,"18":1,"19":2,"20":1},"b":{},"_coverageSchema":"1a1c01bbd47fc00a2c39e90264f33305004495a9","hash":"7d354ed6a158b36508a9e9ac9e697783534db207"}
,"/home/edisson/prepcoursseHenry/fe-ct-prepcourse-fs/M06 JavaScript Objetos/homework.js": {"path":"/home/edisson/prepcoursseHenry/fe-ct-prepcourse-fs/M06 JavaScript Objetos/homework.js","statementMap":{"0":{"start":{"line":108,"column":0},"end":{"line":123,"column":2}}},"fnMap":{"0":{"name":"crearGato","decl":{"start":{"line":3,"column":9},"end":{"line":3,"column":18}},"loc":{"start":{"line":3,"column":33},"end":{"line":10,"column":1}},"line":3},"1":{"name":"nuevoUsuario","decl":{"start":{"line":12,"column":9},"end":{"line":12,"column":21}},"loc":{"start":{"line":12,"column":47},"end":{"line":17,"column":1}},"line":12},"2":{"name":"agregarPropiedad","decl":{"start":{"line":19,"column":9},"end":{"line":19,"column":25}},"loc":{"start":{"line":19,"column":45},"end":{"line":25,"column":1}},"line":19},"3":{"name":"invocarMetodo","decl":{"start":{"line":27,"column":9},"end":{"line":27,"column":22}},"loc":{"start":{"line":27,"column":39},"end":{"line":32,"column":1}},"line":27},"4":{"name":"multiplicarNumeroDesconocidoPorCinco","decl":{"start":{"line":34,"column":9},"end":{"line":34,"column":45}},"loc":{"start":{"line":34,"column":64},"end":{"line":38,"column":1}},"line":34},"5":{"name":"eliminarPropiedad","decl":{"start":{"line":40,"column":9},"end":{"line":40,"column":26}},"loc":{"start":{"line":40,"column":46},"end":{"line":44,"column":1}},"line":40},"6":{"name":"tieneEmail","decl":{"start":{"line":46,"column":9},"end":{"line":46,"column":19}},"loc":{"start":{"line":46,"column":35},"end":{"line":50,"column":1}},"line":46},"7":{"name":"tienePropiedad","decl":{"start":{"line":52,"column":9},"end":{"line":52,"column":23}},"loc":{"start":{"line":52,"column":43},"end":{"line":56,"column":1}},"line":52},"8":{"name":"verificarPassword","decl":{"start":{"line":58,"column":9},"end":{"line":58,"column":26}},"loc":{"start":{"line":58,"column":52},"end":{"line":62,"column":1}},"line":58},"9":{"name":"actualizarPassword","decl":{"start":{"line":64,"column":9},"end":{"line":64,"column":27}},"loc":{"start":{"line":64,"column":58},"end":{"line":69,"column":1}},"line":64},"10":{"name":"agregarAmigo","decl":{"start":{"line":71,"column":9},"end":{"line":71,"column":21}},"loc":{"start":{"line":71,"column":49},"end":{"line":76,"column":1}},"line":71},"11":{"name":"pasarUsuarioAPremium","decl":{"start":{"line":78,"column":9},"end":{"line":78,"column":29}},"loc":{"start":{"line":78,"column":52},"end":{"line":84,"column":1}},"line":78},"12":{"name":"sumarLikesDeUsuario","decl":{"start":{"line":86,"column":9},"end":{"line":86,"column":28}},"loc":{"start":{"line":86,"column":44},"end":{"line":92,"column":1}},"line":86},"13":{"name":"agregarMetodoCalculoDescuento","decl":{"start":{"line":94,"column":9},"end":{"line":94,"column":38}},"loc":{"start":{"line":94,"column":55},"end":{"line":105,"column":1}},"line":94}},"branchMap":{},"s":{"0":1},"f":{"0":2,"1":1,"2":1,"3":1,"4":1,"5":1,"6":2,"7":2,"8":2,"9":1,"10":1,"11":1,"12":1,"13":2},"b":{},"_coverageSchema":"1a1c01bbd47fc00a2c39e90264f33305004495a9","hash":"f4882b78fcdd8cf3a0014cff3848bf1ffe60fb97"}
,"/home/edisson/prepcoursseHenry/fe-ct-prepcourse-fs/M07 JavaScript Clases/Ejercicio 01.js": {"path":"/home/edisson/prepcoursseHenry/fe-ct-prepcourse-fs/M07 JavaScript Clases/Ejercicio 01.js","statementMap":{"0":{"start":{"line":28,"column":0},"end":{"line":32,"column":2}}},"fnMap":{"0":{"name":"crearUsuario","decl":{"start":{"line":4,"column":9},"end":{"line":4,"column":21}},"loc":{"start":{"line":4,"column":24},"end":{"line":13,"column":1}},"line":4},"1":{"name":"agregarMetodoPrototype","decl":{"start":{"line":15,"column":9},"end":{"line":15,"column":31}},"loc":{"start":{"line":15,"column":41},"end":{"line":19,"column":1}},"line":15},"2":{"name":"agregarStringInvertida","decl":{"start":{"line":21,"column":9},"end":{"line":21,"column":31}},"loc":{"start":{"line":21,"column":34},"end":{"line":25,"column":1}},"line":21}},"branchMap":{},"s":{"0":1},"f":{"0":2,"1":1,"2":1},"b":{},"_coverageSchema":"1a1c01bbd47fc00a2c39e90264f33305004495a9","hash":"543566d02ccfda8192c090c83b5ef849a4d70565"}
,"/home/edisson/prepcoursseHenry/fe-ct-prepcourse-fs/M07 JavaScript Clases/Ejercicio 02.js": {"path":"/home/edisson/prepcoursseHenry/fe-ct-prepcourse-fs/M07 JavaScript Clases/Ejercicio 02.js","statementMap":{"0":{"start":{"line":26,"column":0},"end":{"line":30,"column":2}}},"fnMap":{"0":{"name":"crearInstanciaPersona","decl":{"start":{"line":11,"column":9},"end":{"line":11,"column":30}},"loc":{"start":{"line":11,"column":66},"end":{"line":16,"column":1}},"line":11},"1":{"name":"agregarMetodo","decl":{"start":{"line":18,"column":9},"end":{"line":18,"column":22}},"loc":{"start":{"line":18,"column":25},"end":{"line":23,"column":1}},"line":18}},"branchMap":{},"s":{"0":1},"f":{"0":1,"1":1},"b":{},"_coverageSchema":"1a1c01bbd47fc00a2c39e90264f33305004495a9","hash":"6b28f3fccfa6a33e18dcf476e85c499a9bc71508"}
,"/home/edisson/prepcoursseHenry/fe-ct-prepcourse-fs/M08 JavaScript Callback/homework.js": {"path":"/home/edisson/prepcoursseHenry/fe-ct-prepcourse-fs/M08 JavaScript Callback/homework.js","statementMap":{"0":{"start":{"line":52,"column":0},"end":{"line":60,"column":2}}},"fnMap":{"0":{"name":"mayuscula","decl":{"start":{"line":3,"column":9},"end":{"line":3,"column":18}},"loc":{"start":{"line":3,"column":27},"end":{"line":8,"column":1}},"line":3},"1":{"name":"invocarCallback","decl":{"start":{"line":10,"column":9},"end":{"line":10,"column":24}},"loc":{"start":{"line":10,"column":29},"end":{"line":14,"column":1}},"line":10},"2":{"name":"operacionMatematica","decl":{"start":{"line":16,"column":9},"end":{"line":16,"column":28}},"loc":{"start":{"line":16,"column":45},"end":{"line":21,"column":1}},"line":16},"3":{"name":"sumarArray","decl":{"start":{"line":23,"column":9},"end":{"line":23,"column":19}},"loc":{"start":{"line":23,"column":40},"end":{"line":29,"column":1}},"line":23},"4":{"name":"forEach","decl":{"start":{"line":31,"column":9},"end":{"line":31,"column":16}},"loc":{"start":{"line":31,"column":28},"end":{"line":36,"column":1}},"line":31},"5":{"name":"map","decl":{"start":{"line":38,"column":9},"end":{"line":38,"column":12}},"loc":{"start":{"line":38,"column":24},"end":{"line":43,"column":1}},"line":38},"6":{"name":"filter","decl":{"start":{"line":45,"column":9},"end":{"line":45,"column":15}},"loc":{"start":{"line":45,"column":32},"end":{"line":49,"column":1}},"line":45}},"branchMap":{},"s":{"0":1},"f":{"0":1,"1":1,"2":1,"3":1,"4":1,"5":1,"6":1},"b":{},"_coverageSchema":"1a1c01bbd47fc00a2c39e90264f33305004495a9","hash":"ac480bfb8605d27ed79b87fafc140d224f6f9c89"}
,"/home/edisson/prepcoursseHenry/fe-ct-prepcourse-fs/M09 Ejercicios Extra/Ejercicios Extra.js": {"path":"/home/edisson/prepcoursseHenry/fe-ct-prepcourse-fs/M09 Ejercicios Extra/Ejercicios Extra.js","statementMap":{"0":{"start":{"line":64,"column":0},"end":{"line":73,"column":2}}},"fnMap":{"0":{"name":"deObjetoAarray","decl":{"start":{"line":3,"column":9},"end":{"line":3,"column":23}},"loc":{"start":{"line":3,"column":32},"end":{"line":9,"column":1}},"line":3},"1":{"name":"numberOfCharacters","decl":{"start":{"line":11,"column":9},"end":{"line":11,"column":27}},"loc":{"start":{"line":11,"column":36},"end":{"line":17,"column":1}},"line":11},"2":{"name":"capToFront","decl":{"start":{"line":19,"column":9},"end":{"line":19,"column":19}},"loc":{"start":{"line":19,"column":28},"end":{"line":25,"column":1}},"line":19},"3":{"name":"asAmirror","decl":{"start":{"line":27,"column":9},"end":{"line":27,"column":18}},"loc":{"start":{"line":27,"column":26},"end":{"line":32,"column":1}},"line":27},"4":{"name":"capicua","decl":{"start":{"line":34,"column":9},"end":{"line":34,"column":16}},"loc":{"start":{"line":34,"column":25},"end":{"line":38,"column":1}},"line":34},"5":{"name":"deleteAbc","decl":{"start":{"line":40,"column":9},"end":{"line":40,"column":18}},"loc":{"start":{"line":40,"column":27},"end":{"line":44,"column":1}},"line":40},"6":{"name":"sortArray","decl":{"start":{"line":46,"column":9},"end":{"line":46,"column":18}},"loc":{"start":{"line":46,"column":35},"end":{"line":52,"column":1}},"line":46},"7":{"name":"buscoInterseccion","decl":{"start":{"line":54,"column":9},"end":{"line":54,"column":26}},"loc":{"start":{"line":54,"column":43},"end":{"line":61,"column":1}},"line":54}},"branchMap":{},"s":{"0":1},"f":{"0":1,"1":1,"2":1,"3":1,"4":1,"5":1,"6":1,"7":1},"b":{},"_coverageSchema":"1a1c01bbd47fc00a2c39e90264f33305004495a9","hash":"fba9b0e21ff2a012c41cd5c16a90629bf8ddcea7"}
}
