TN:
SF:M03 JavaScript Fundamentos/Ejercicio 01.js
FNF:0
FNH:0
DA:5,1
DA:8,1
DA:11,1
DA:14,1
DA:17,1
DA:20,1
DA:23,1
LF:7
LH:7
BRF:0
BRH:0
end_of_record
TN:
SF:M03 JavaScript Fundamentos/Ejercicio 02.js
FN:4,devolverString
FN:12,suma
FN:18,resta
FN:24,divide
FN:30,multiplica
FN:36,obtenerResto
FNF:6
FNH:6
FNDA:1,devolverString
FNDA:2,suma
FNDA:4,resta
FNDA:3,divide
FNDA:3,multiplica
FNDA:3,obtenerResto
DA:7,1
DA:15,2
DA:21,4
DA:27,3
DA:33,3
DA:39,3
DA:43,1
LF:7
LH:7
BRF:0
BRH:0
end_of_record
TN:
SF:M03 JavaScript Fundamentos/Ejercicio 03.js
FN:4,sonIguales
FN:11,tienenMismaLongitud
FN:18,menosQueNoventa
FN:25,mayorQueCincuenta
FN:32,esPar
FN:39,esImpar
FNF:6
FNH:6
FNDA:3,sonIguales
FNDA:2,tienenMismaLongitud
FNDA:3,menosQueNoventa
FNDA:6,mayorQueCincuenta
FNDA:3,esPar
FNDA:6,esImpar
DA:8,3
DA:15,2
DA:22,3
DA:29,6
DA:36,3
DA:43,6
DA:47,1
LF:7
LH:7
BRF:0
BRH:0
end_of_record
TN:
SF:M03 JavaScript Fundamentos/Ejercicio 04.js
FN:6,elevarAlCuadrado
FN:12,elevarAlCubo
FN:18,elevar
FN:24,redondearNumero
FN:30,redondearHaciaArriba
FN:36,numeroRandom
FNF:6
FNH:6
FNDA:4,elevarAlCuadrado
FNDA:3,elevarAlCubo
FNDA:4,elevar
FNDA:3,redondearNumero
FNDA:3,redondearHaciaArriba
FNDA:5,numeroRandom
DA:9,4
DA:15,3
DA:21,4
DA:27,3
DA:33,3
DA:39,5
DA:43,1
LF:7
LH:7
BRF:0
BRH:0
end_of_record
TN:
SF:M03 JavaScript Fundamentos/Ejercicio 05.js
FN:4,esPositivo
FN:24,agregarSimboloExclamacion
FN:31,combinarNombres
FN:38,obtenerSaludo
FN:45,obtenerAreaRectangulo
FN:51,retornarPerimetro
FN:58,areaDelTriangulo
FN:64,deEuroAdolar
FN:71,esVocal
FNF:9
FNH:9
FNDA:3,esPositivo
FNDA:2,agregarSimboloExclamacion
FNDA:2,combinarNombres
FNDA:1,obtenerSaludo
FNDA:3,obtenerAreaRectangulo
FNDA:3,retornarPerimetro
FNDA:3,areaDelTriangulo
FNDA:3,deEuroAdolar
FNDA:9,esVocal
DA:11,3
DA:12,3
DA:13,1
DA:14,2
DA:15,1
DA:16,1
DA:17,1
DA:19,0
DA:28,2
DA:35,2
DA:42,1
DA:48,3
DA:55,3
DA:61,3
DA:68,3
DA:76,9
DA:82,5
DA:83,0
DA:86,4
DA:87,0
DA:93,1
LF:21
LH:18
BRDA:12,0,0,1
BRDA:12,0,1,2
BRDA:14,1,0,1
BRDA:14,1,1,1
BRDA:16,2,0,1
BRDA:16,2,1,0
BRDA:16,3,0,1
BRDA:16,3,1,0
BRDA:76,4,0,1
BRDA:76,4,1,2
BRDA:76,4,2,3
BRDA:76,4,3,4
BRDA:76,4,4,5
BRDA:76,4,5,4
BRF:14
BRH:12
end_of_record
TN:
SF:M04 JavaScript Bucles/homework.js
FN:3,obtenerMayor
FN:10,mayoriaDeEdad
FN:17,conection
FN:26,saludo
FN:35,colors
FN:46,esDiezOCinco
FN:52,estaEnRango
FN:58,esEntero
FN:67,fizzBuzz
FN:75,operadoresLogicos
FN:85,esPrimo
FN:94,esVerdadero
FN:100,tieneTresDigitos
FN:106,doWhile
FNF:14
FNH:14
FNDA:3,obtenerMayor
FNDA:2,mayoriaDeEdad
FNDA:3,conection
FNDA:4,saludo
FNDA:2,colors
FNDA:2,esDiezOCinco
FNDA:2,estaEnRango
FNDA:4,esEntero
FNDA:4,fizzBuzz
FNDA:5,operadoresLogicos
FNDA:2,esPrimo
FNDA:2,esVerdadero
FNDA:2,tieneTresDigitos
FNDA:1,doWhile
DA:114,1
LF:1
LH:1
BRF:0
BRH:0
end_of_record
TN:
SF:M05 JavaScript Arrays/homework.js
FN:3,devolverPrimerElemento
FN:8,devolverUltimoElemento
FN:13,obtenerLargoDelArray
FN:18,incrementarPorUno
FN:24,agregarItemAlFinalDelArray
FN:30,agregarItemAlComienzoDelArray
FN:36,dePalabrasAFrase
FN:44,arrayContiene
FN:50,agregarNumeros
FN:56,promedioResultadosTest
FN:62,numeroMasGrande
FN:68,multiplicarArgumentos
FN:75,cuentoElementos
FN:80,diaDeLaSemana
FN:87,empiezaConNueve
FN:93,todosIguales
FN:99,mesesDelAño
FN:106,tablaDelSeis
FN:112,mayorACien
FN:122,breakStatement
FN:131,continueStatement
FNF:21
FNH:21
FNDA:1,devolverPrimerElemento
FNDA:1,devolverUltimoElemento
FNDA:1,obtenerLargoDelArray
FNDA:1,incrementarPorUno
FNDA:1,agregarItemAlFinalDelArray
FNDA:1,agregarItemAlComienzoDelArray
FNDA:1,dePalabrasAFrase
FNDA:2,arrayContiene
FNDA:1,agregarNumeros
FNDA:1,promedioResultadosTest
FNDA:1,numeroMasGrande
FNDA:5,multiplicarArgumentos
FNDA:1,cuentoElementos
FNDA:2,diaDeLaSemana
FNDA:2,empiezaConNueve
FNDA:2,todosIguales
FNDA:2,mesesDelAño
FNDA:1,tablaDelSeis
FNDA:1,mayorACien
FNDA:2,breakStatement
FNDA:1,continueStatement
DA:141,1
LF:1
LH:1
BRF:0
BRH:0
end_of_record
TN:
SF:M06 JavaScript Objetos/homework.js
FN:3,crearGato
FN:12,nuevoUsuario
FN:19,agregarPropiedad
FN:27,invocarMetodo
FN:34,multiplicarNumeroDesconocidoPorCinco
FN:40,eliminarPropiedad
FN:46,tieneEmail
FN:52,tienePropiedad
FN:58,verificarPassword
FN:64,actualizarPassword
FN:71,agregarAmigo
FN:78,pasarUsuarioAPremium
FN:86,sumarLikesDeUsuario
FN:94,agregarMetodoCalculoDescuento
FNF:14
FNH:14
FNDA:2,crearGato
FNDA:1,nuevoUsuario
FNDA:1,agregarPropiedad
FNDA:1,invocarMetodo
FNDA:1,multiplicarNumeroDesconocidoPorCinco
FNDA:1,eliminarPropiedad
FNDA:2,tieneEmail
FNDA:2,tienePropiedad
FNDA:2,verificarPassword
FNDA:1,actualizarPassword
FNDA:1,agregarAmigo
FNDA:1,pasarUsuarioAPremium
FNDA:1,sumarLikesDeUsuario
FNDA:2,agregarMetodoCalculoDescuento
DA:108,1
LF:1
LH:1
BRF:0
BRH:0
end_of_record
TN:
SF:M07 JavaScript Clases/Ejercicio 01.js
FN:4,crearUsuario
FN:15,agregarMetodoPrototype
FN:21,agregarStringInvertida
FNF:3
FNH:3
FNDA:2,crearUsuario
FNDA:1,agregarMetodoPrototype
FNDA:1,agregarStringInvertida
DA:28,1
LF:1
LH:1
BRF:0
BRH:0
end_of_record
TN:
SF:M07 JavaScript Clases/Ejercicio 02.js
FN:11,crearInstanciaPersona
FN:18,agregarMetodo
FNF:2
FNH:2
FNDA:1,crearInstanciaPersona
FNDA:1,agregarMetodo
DA:26,1
LF:1
LH:1
BRF:0
BRH:0
end_of_record
TN:
SF:M08 JavaScript Callback/homework.js
FN:3,mayuscula
FN:10,invocarCallback
FN:16,operacionMatematica
FN:23,sumarArray
FN:31,forEach
FN:38,map
FN:45,filter
FNF:7
FNH:7
FNDA:1,mayuscula
FNDA:1,invocarCallback
FNDA:1,operacionMatematica
FNDA:1,sumarArray
FNDA:1,forEach
FNDA:1,map
FNDA:1,filter
DA:52,1
LF:1
LH:1
BRF:0
BRH:0
end_of_record
TN:
SF:M09 Ejercicios Extra/Ejercicios Extra.js
FN:3,deObjetoAarray
FN:11,numberOfCharacters
FN:19,capToFront
FN:27,asAmirror
FN:34,capicua
FN:40,deleteAbc
FN:46,sortArray
FN:54,buscoInterseccion
FNF:8
FNH:8
FNDA:1,deObjetoAarray
FNDA:1,numberOfCharacters
FNDA:1,capToFront
FNDA:1,asAmirror
FNDA:1,capicua
FNDA:1,deleteAbc
FNDA:1,sortArray
FNDA:1,buscoInterseccion
DA:64,1
LF:1
LH:1
BRF:0
BRH:0
end_of_record
